
Gurobi 5.6.3 (linux64) logging started Fri May 15 17:59:40 2015


Gurobi 5.6.3 (linux64) logging started Fri May 15 18:03:44 2015


Gurobi 5.6.3 (linux64) logging started Fri May 15 18:04:01 2015


Gurobi 5.6.3 (linux64) logging started Fri May 15 18:04:21 2015


Gurobi 5.6.3 (linux64) logging started Fri May 15 18:04:53 2015


Gurobi 5.6.3 (linux64) logging started Fri May 15 20:58:34 2015


Gurobi 5.6.3 (linux64) logging started Fri May 15 21:08:06 2015


Gurobi 5.6.3 (linux64) logging started Fri May 15 21:08:49 2015


Gurobi 5.6.3 (linux64) logging started Fri May 15 21:42:32 2015


Gurobi 5.6.3 (linux64) logging started Fri May 15 21:47:15 2015


Gurobi 5.6.3 (linux64) logging started Fri May 15 21:49:26 2015


Gurobi 5.6.3 (linux64) logging started Fri May 15 21:56:06 2015


Gurobi 5.6.3 (linux64) logging started Fri May 15 21:56:35 2015


Gurobi 5.6.3 (linux64) logging started Fri May 15 22:02:17 2015


Gurobi 5.6.3 (linux64) logging started Fri May 15 22:05:45 2015


Gurobi 5.6.3 (linux64) logging started Fri May 15 22:12:09 2015


Gurobi 5.6.3 (linux64) logging started Fri May 15 22:15:20 2015


Gurobi 5.6.3 (linux64) logging started Fri May 15 22:17:49 2015


Gurobi 5.6.3 (linux64) logging started Fri May 15 22:53:49 2015


Gurobi 5.6.3 (linux64) logging started Fri May 15 22:55:10 2015


Gurobi 5.6.3 (linux64) logging started Fri May 15 22:57:45 2015


Gurobi 5.6.3 (linux64) logging started Fri May 15 23:12:10 2015


Gurobi 5.6.3 (linux64) logging started Fri May 15 23:12:46 2015


Gurobi 5.6.3 (linux64) logging started Fri May 15 23:14:40 2015


Gurobi 5.6.3 (linux64) logging started Fri May 15 23:15:49 2015


Gurobi 5.6.3 (linux64) logging started Fri May 15 23:16:06 2015


Gurobi 5.6.3 (linux64) logging started Fri May 15 23:16:35 2015


Gurobi 5.6.3 (linux64) logging started Fri May 15 23:17:33 2015


Gurobi 5.6.3 (linux64) logging started Fri May 15 23:18:03 2015


Gurobi 5.6.3 (linux64) logging started Fri May 15 23:19:48 2015


Gurobi 5.6.3 (linux64) logging started Fri May 15 23:20:27 2015


Gurobi 5.6.3 (linux64) logging started Fri May 15 23:22:13 2015


Gurobi 5.6.3 (linux64) logging started Fri May 15 23:22:26 2015


Gurobi 5.6.3 (linux64) logging started Fri May 15 23:29:17 2015


Gurobi 5.6.3 (linux64) logging started Fri May 15 23:31:03 2015


Gurobi 5.6.3 (linux64) logging started Fri May 15 23:33:07 2015


Gurobi 5.6.3 (linux64) logging started Fri May 15 23:33:57 2015


Gurobi 5.6.3 (linux64) logging started Fri May 15 23:34:33 2015


Gurobi 5.6.3 (linux64) logging started Fri May 15 23:34:51 2015


Gurobi 5.6.3 (linux64) logging started Fri May 15 23:35:11 2015


Gurobi 5.6.3 (linux64) logging started Fri May 15 23:41:29 2015


Gurobi 5.6.3 (linux64) logging started Fri May 15 23:41:49 2015


Gurobi 5.6.3 (linux64) logging started Fri May 15 23:43:18 2015


Gurobi 5.6.3 (linux64) logging started Fri May 15 23:47:23 2015


Gurobi 5.6.3 (linux64) logging started Fri May 15 23:47:51 2015


Gurobi 5.6.3 (linux64) logging started Fri May 15 23:50:35 2015


Gurobi 5.6.3 (linux64) logging started Sat May 16 00:44:13 2015


Gurobi 5.6.3 (linux64) logging started Sat May 16 00:44:30 2015


Gurobi 5.6.3 (linux64) logging started Sat May 16 00:48:36 2015


Gurobi 5.6.3 (linux64) logging started Sat May 16 00:48:44 2015


Gurobi 5.6.3 (linux64) logging started Sat May 16 00:56:25 2015


Gurobi 5.6.3 (linux64) logging started Sat May 16 00:57:28 2015


Gurobi 5.6.3 (linux64) logging started Sat May 16 01:09:36 2015


Gurobi 5.6.3 (linux64) logging started Sat May 16 01:16:27 2015


Gurobi 5.6.3 (linux64) logging started Sat May 16 01:20:32 2015


Gurobi 5.6.3 (linux64) logging started Sat May 16 01:23:22 2015


Gurobi 5.6.3 (linux64) logging started Sat May 16 01:23:46 2015


Gurobi 5.6.3 (linux64) logging started Sat May 16 01:24:18 2015


Gurobi 5.6.3 (linux64) logging started Sat May 16 01:45:19 2015


Gurobi 5.6.3 (linux64) logging started Sat May 16 01:46:59 2015


Gurobi 5.6.3 (linux64) logging started Sat May 16 01:50:57 2015


Gurobi 5.6.3 (linux64) logging started Sat May 16 01:51:33 2015


Gurobi 5.6.3 (linux64) logging started Sat May 16 01:52:59 2015


Gurobi 5.6.3 (linux64) logging started Sat May 16 01:57:16 2015


Gurobi 5.6.3 (linux64) logging started Sat May 16 01:57:36 2015


Gurobi 5.6.3 (linux64) logging started Sat May 16 01:58:00 2015


Gurobi 5.6.3 (linux64) logging started Sat May 16 01:59:16 2015


Gurobi 5.6.3 (linux64) logging started Sat May 16 02:00:45 2015


Gurobi 5.6.3 (linux64) logging started Sat May 16 02:01:13 2015


Gurobi 5.6.3 (linux64) logging started Sat May 16 02:02:09 2015


Gurobi 5.6.3 (linux64) logging started Sat May 16 02:03:07 2015


Gurobi 5.6.3 (linux64) logging started Sat May 16 02:05:40 2015


Gurobi 5.6.3 (linux64) logging started Sat May 16 02:09:43 2015


Gurobi 5.6.3 (linux64) logging started Sat May 16 02:11:44 2015


Gurobi 5.6.3 (linux64) logging started Sat May 16 02:20:07 2015


Gurobi 5.6.3 (linux64) logging started Sat May 16 02:23:51 2015


Gurobi 5.6.3 (linux64) logging started Sat May 16 02:29:46 2015


Gurobi 5.6.3 (linux64) logging started Sat May 16 02:32:55 2015


Gurobi 5.6.3 (linux64) logging started Sat May 16 02:44:27 2015


Gurobi 5.6.3 (linux64) logging started Sat May 16 02:45:25 2015


Gurobi 5.6.3 (linux64) logging started Sat May 16 02:45:54 2015


Gurobi 5.6.3 (linux64) logging started Sat May 16 02:55:40 2015


Gurobi 5.6.3 (linux64) logging started Sat May 16 04:59:23 2015


Gurobi 5.6.3 (linux64) logging started Sat May 16 05:00:02 2015


Gurobi 5.6.3 (linux64) logging started Sat May 16 05:02:51 2015


Gurobi 5.6.3 (linux64) logging started Sat May 16 05:04:22 2015


Gurobi 5.6.3 (linux64) logging started Sat May 16 05:10:02 2015


Gurobi 5.6.3 (linux64) logging started Sat May 16 05:10:53 2015


Gurobi 5.6.3 (linux64) logging started Sat May 16 05:11:17 2015


Gurobi 5.6.3 (linux64) logging started Sat May 16 05:11:44 2015


Gurobi 5.6.3 (linux64) logging started Sat May 16 05:12:20 2015


Gurobi 5.6.3 (linux64) logging started Sat May 16 05:13:14 2015


Gurobi 5.6.3 (linux64) logging started Sat May 16 05:13:46 2015


Gurobi 5.6.3 (linux64) logging started Sat May 16 05:14:24 2015


Gurobi 5.6.3 (linux64) logging started Sat May 16 05:14:42 2015


Gurobi 5.6.3 (linux64) logging started Sat May 16 05:15:03 2015


Gurobi 5.6.3 (linux64) logging started Sat May 16 05:17:36 2015


Gurobi 5.6.3 (linux64) logging started Sat May 16 05:19:36 2015


Gurobi 5.6.3 (linux64) logging started Sat May 16 05:24:02 2015


Gurobi 5.6.3 (linux64) logging started Sat May 16 05:26:04 2015


Gurobi 5.6.3 (linux64) logging started Sat May 16 05:27:39 2015


Gurobi 5.6.3 (linux64) logging started Sat May 16 05:28:39 2015


Gurobi 5.6.3 (linux64) logging started Sat May 16 05:29:15 2015


Gurobi 5.6.3 (linux64) logging started Sat May 16 05:29:44 2015


Gurobi 5.6.3 (linux64) logging started Sat May 16 05:31:27 2015


Gurobi 5.6.3 (linux64) logging started Sat May 16 05:34:09 2015


Gurobi 5.6.3 (linux64) logging started Sat May 16 05:34:31 2015


Gurobi 5.6.3 (linux64) logging started Sat May 16 05:34:45 2015


Gurobi 5.6.3 (linux64) logging started Sat May 16 05:35:22 2015


Gurobi 5.6.3 (linux64) logging started Sat May 16 05:37:03 2015


Gurobi 5.6.3 (linux64) logging started Sat May 16 05:37:52 2015


Gurobi 5.6.3 (linux64) logging started Sat May 16 05:39:47 2015


Gurobi 5.6.3 (linux64) logging started Sat May 16 05:50:50 2015


Gurobi 5.6.3 (linux64) logging started Sat May 16 06:04:31 2015


Gurobi 5.6.3 (linux64) logging started Sat May 16 06:05:50 2015


Gurobi 5.6.3 (linux64) logging started Sat May 16 06:07:07 2015


Gurobi 5.6.3 (linux64) logging started Sat May 16 06:14:47 2015


Gurobi 5.6.3 (linux64) logging started Sat May 16 06:16:02 2015


Gurobi 5.6.3 (linux64) logging started Sat May 16 06:32:01 2015


Gurobi 5.6.3 (linux64) logging started Sat May 16 06:36:29 2015


Gurobi 5.6.3 (linux64) logging started Sat May 16 06:36:48 2015


Gurobi 5.6.3 (linux64) logging started Sat May 16 06:37:01 2015


Gurobi 5.6.3 (linux64) logging started Sat May 16 06:37:51 2015


Gurobi 5.6.3 (linux64) logging started Sat May 16 06:41:13 2015


Gurobi 5.6.3 (linux64) logging started Sat May 16 06:42:23 2015


Gurobi 5.6.3 (linux64) logging started Sat May 16 06:50:09 2015


Gurobi 5.6.3 (linux64) logging started Sat May 16 06:52:39 2015


Gurobi 5.6.3 (linux64) logging started Sat May 16 06:53:20 2015


Gurobi 5.6.3 (linux64) logging started Sat May 16 06:53:45 2015


Gurobi 5.6.3 (linux64) logging started Sat May 16 06:54:21 2015


Gurobi 5.6.3 (linux64) logging started Sat May 16 06:54:30 2015


Gurobi 5.6.3 (linux64) logging started Sat May 16 08:34:23 2015


Gurobi 5.6.3 (linux64) logging started Sat May 16 08:37:27 2015


Gurobi 5.6.3 (linux64) logging started Sat May 16 08:40:49 2015


Gurobi 5.6.3 (linux64) logging started Sat May 16 08:41:07 2015


Gurobi 5.6.3 (linux64) logging started Sat May 16 08:42:22 2015


Gurobi 5.6.3 (linux64) logging started Sat May 16 09:19:16 2015


Gurobi 5.6.3 (linux64) logging started Sat May 16 09:22:46 2015


Gurobi 5.6.3 (linux64) logging started Sat May 16 09:23:35 2015


Gurobi 5.6.3 (linux64) logging started Sat May 16 09:28:22 2015


Gurobi 5.6.3 (linux64) logging started Sat May 16 09:28:52 2015


Gurobi 5.6.3 (linux64) logging started Sat May 16 09:29:52 2015


Gurobi 5.6.3 (linux64) logging started Sat May 16 09:30:31 2015


Gurobi 5.6.3 (linux64) logging started Sat May 16 09:38:30 2015


Gurobi 5.6.3 (linux64) logging started Sat May 16 09:40:16 2015


Gurobi 5.6.3 (linux64) logging started Sat May 16 09:49:11 2015


Gurobi 5.6.3 (linux64) logging started Sat May 16 09:49:39 2015


Gurobi 5.6.3 (linux64) logging started Sat May 16 09:51:09 2015


Gurobi 5.6.3 (linux64) logging started Sat May 16 09:52:49 2015


Gurobi 5.6.3 (linux64) logging started Sat May 16 17:29:19 2015


Gurobi 5.6.3 (linux64) logging started Sat May 16 17:32:07 2015


Gurobi 5.6.3 (linux64) logging started Sat May 16 17:32:52 2015


Gurobi 5.6.3 (linux64) logging started Sat May 16 17:33:35 2015


Gurobi 5.6.3 (linux64) logging started Sat May 16 17:51:54 2015


Gurobi 5.6.3 (linux64) logging started Sat May 16 17:52:51 2015


Gurobi 5.6.3 (linux64) logging started Sat May 16 17:53:27 2015


Gurobi 5.6.3 (linux64) logging started Sat May 16 17:53:45 2015


Gurobi 5.6.3 (linux64) logging started Sat May 16 17:53:55 2015


Gurobi 5.6.3 (linux64) logging started Sat May 16 18:15:09 2015


Gurobi 5.6.3 (linux64) logging started Sat May 16 21:54:42 2015


Gurobi 5.6.3 (linux64) logging started Sat May 16 21:57:29 2015


Gurobi 5.6.3 (linux64) logging started Sat May 16 21:57:53 2015


Gurobi 5.6.3 (linux64) logging started Sat May 16 23:51:14 2015


Gurobi 5.6.3 (linux64) logging started Sat May 16 23:52:27 2015


Gurobi 5.6.3 (linux64) logging started Sat May 16 23:52:42 2015


Gurobi 5.6.3 (linux64) logging started Sat May 16 23:53:10 2015


Gurobi 5.6.3 (linux64) logging started Sat May 16 23:53:21 2015


Gurobi 5.6.3 (linux64) logging started Sat May 16 23:54:06 2015


Gurobi 5.6.3 (linux64) logging started Sat May 16 23:55:17 2015


Gurobi 5.6.3 (linux64) logging started Sat May 16 23:56:02 2015


Gurobi 5.6.3 (linux64) logging started Sat May 16 23:57:40 2015


Gurobi 5.6.3 (linux64) logging started Sun May 17 00:02:11 2015


Gurobi 5.6.3 (linux64) logging started Sun May 17 00:02:31 2015


Gurobi 5.6.3 (linux64) logging started Sun May 17 00:04:19 2015


Gurobi 5.6.3 (linux64) logging started Sun May 17 00:05:02 2015


Gurobi 5.6.3 (linux64) logging started Sun May 17 00:05:10 2015


Gurobi 5.6.3 (linux64) logging started Sun May 17 00:05:22 2015


Gurobi 5.6.3 (linux64) logging started Sun May 17 00:05:53 2015


Gurobi 5.6.3 (linux64) logging started Sun May 17 00:06:50 2015


Gurobi 5.6.3 (linux64) logging started Sun May 17 00:07:56 2015


Gurobi 5.6.3 (linux64) logging started Sun May 17 00:08:37 2015


Gurobi 5.6.3 (linux64) logging started Sun May 17 00:09:29 2015


Gurobi 5.6.3 (linux64) logging started Sun May 17 00:16:38 2015


Gurobi 5.6.3 (linux64) logging started Sun May 17 00:19:32 2015


Gurobi 5.6.3 (linux64) logging started Sun May 17 00:21:16 2015


Gurobi 5.6.3 (linux64) logging started Sun May 17 00:21:58 2015


Gurobi 5.6.3 (linux64) logging started Sun May 17 00:23:18 2015


Gurobi 5.6.3 (linux64) logging started Sun May 17 00:24:24 2015


Gurobi 5.6.3 (linux64) logging started Sun May 17 00:27:41 2015


Gurobi 5.6.3 (linux64) logging started Sun May 17 00:28:10 2015


Gurobi 5.6.3 (linux64) logging started Sun May 17 00:39:30 2015


Gurobi 5.6.3 (linux64) logging started Sun May 17 00:40:27 2015


Gurobi 5.6.3 (linux64) logging started Sun May 17 00:43:06 2015


Gurobi 5.6.3 (linux64) logging started Sun May 17 00:44:53 2015


Gurobi 5.6.3 (linux64) logging started Sun May 17 00:46:02 2015


Gurobi 5.6.3 (linux64) logging started Sun May 17 00:47:00 2015


Gurobi 5.6.3 (linux64) logging started Sun May 17 00:48:28 2015


Gurobi 5.6.3 (linux64) logging started Sun May 17 00:48:52 2015


Gurobi 5.6.3 (linux64) logging started Sun May 17 00:50:02 2015


Gurobi 5.6.3 (linux64) logging started Sun May 17 01:24:49 2015


Gurobi 5.6.3 (linux64) logging started Sun May 17 01:29:38 2015


Gurobi 5.6.3 (linux64) logging started Sun May 17 01:33:07 2015


Gurobi 5.6.3 (linux64) logging started Sun May 17 01:35:03 2015


Gurobi 5.6.3 (linux64) logging started Sun May 17 01:35:54 2015


Gurobi 5.6.3 (linux64) logging started Sun May 17 01:36:28 2015


Gurobi 5.6.3 (linux64) logging started Sun May 17 01:36:54 2015


Gurobi 5.6.3 (linux64) logging started Sun May 17 01:37:48 2015


Gurobi 5.6.3 (linux64) logging started Sun May 17 01:38:25 2015


Gurobi 5.6.3 (linux64) logging started Sun May 17 01:40:33 2015


Gurobi 5.6.3 (linux64) logging started Sun May 17 01:40:55 2015


Gurobi 5.6.3 (linux64) logging started Sun May 17 01:49:50 2015


Gurobi 5.6.3 (linux64) logging started Sun May 17 01:51:40 2015


Gurobi 5.6.3 (linux64) logging started Sun May 17 01:52:13 2015


Gurobi 5.6.3 (linux64) logging started Sun May 17 01:52:32 2015


Gurobi 5.6.3 (linux64) logging started Sun May 17 01:52:50 2015


Gurobi 5.6.3 (linux64) logging started Sun May 17 01:56:20 2015


Gurobi 5.6.3 (linux64) logging started Sun May 17 02:08:56 2015


Gurobi 5.6.3 (linux64) logging started Sun May 17 02:09:08 2015


Gurobi 5.6.3 (linux64) logging started Sun May 17 05:20:48 2015


Gurobi 5.6.3 (linux64) logging started Sun May 17 05:21:03 2015


Gurobi 5.6.3 (linux64) logging started Sun May 17 05:21:35 2015


Gurobi 5.6.3 (linux64) logging started Sun May 17 05:36:21 2015


Gurobi 5.6.3 (linux64) logging started Sun May 17 05:36:53 2015


Gurobi 5.6.3 (linux64) logging started Sun May 17 05:37:52 2015


Gurobi 5.6.3 (linux64) logging started Sun May 17 05:38:14 2015


Gurobi 5.6.3 (linux64) logging started Sun May 17 05:38:28 2015


Gurobi 5.6.3 (linux64) logging started Sun May 17 05:38:53 2015


Gurobi 5.6.3 (linux64) logging started Sun May 17 05:39:02 2015


Gurobi 5.6.3 (linux64) logging started Sun May 17 05:40:42 2015


Gurobi 5.6.3 (linux64) logging started Sun May 17 05:46:01 2015


Gurobi 5.6.3 (linux64) logging started Sun May 17 05:46:48 2015


Gurobi 5.6.3 (linux64) logging started Sun May 17 05:47:16 2015


Gurobi 5.6.3 (linux64) logging started Sun May 17 05:47:55 2015


Gurobi 5.6.3 (linux64) logging started Sun May 17 05:48:20 2015


Gurobi 5.6.3 (linux64) logging started Sun May 17 05:48:45 2015


Gurobi 5.6.3 (linux64) logging started Sun May 17 05:48:58 2015


Gurobi 5.6.3 (linux64) logging started Sun May 17 05:49:22 2015


Gurobi 5.6.3 (linux64) logging started Sun May 17 05:49:50 2015


Gurobi 5.6.3 (linux64) logging started Sun May 17 05:50:01 2015


Gurobi 5.6.3 (linux64) logging started Sun May 17 05:56:20 2015


Gurobi 5.6.3 (linux64) logging started Sun May 17 06:04:09 2015


Gurobi 5.6.3 (linux64) logging started Sun May 17 06:04:30 2015


Gurobi 5.6.3 (linux64) logging started Sun May 17 06:07:09 2015


Gurobi 5.6.3 (linux64) logging started Sun May 17 06:07:19 2015


Gurobi 5.6.3 (linux64) logging started Sun May 17 06:07:51 2015


Gurobi 5.6.3 (linux64) logging started Sun May 17 06:08:23 2015


Gurobi 5.6.3 (linux64) logging started Sun May 17 06:08:43 2015


Gurobi 5.6.3 (linux64) logging started Sun May 17 06:11:22 2015


Gurobi 5.6.3 (linux64) logging started Sun May 17 06:13:05 2015


Gurobi 5.6.3 (linux64) logging started Sun May 17 06:13:26 2015


Gurobi 5.6.3 (linux64) logging started Sun May 17 06:15:29 2015


Gurobi 5.6.3 (linux64) logging started Sun May 17 06:15:37 2015


Gurobi 5.6.3 (linux64) logging started Sun May 17 06:15:51 2015


Gurobi 5.6.3 (linux64) logging started Sun May 17 06:21:30 2015


Gurobi 5.6.3 (linux64) logging started Sun May 17 06:29:20 2015


Gurobi 5.6.3 (linux64) logging started Sun May 17 06:29:48 2015


Gurobi 5.6.3 (linux64) logging started Sun May 17 06:30:19 2015


Gurobi 5.6.3 (linux64) logging started Sun May 17 06:33:32 2015


Gurobi 5.6.3 (linux64) logging started Sun May 17 06:35:01 2015


Gurobi 5.6.3 (linux64) logging started Sun May 17 06:36:37 2015


Gurobi 5.6.3 (linux64) logging started Sun May 17 07:05:57 2015


Gurobi 5.6.3 (linux64) logging started Sun May 17 07:09:45 2015


Gurobi 5.6.3 (linux64) logging started Sun May 17 07:10:38 2015


Gurobi 5.6.3 (linux64) logging started Sun May 17 07:12:17 2015


Gurobi 5.6.3 (linux64) logging started Sun May 17 07:13:51 2015


Gurobi 5.6.3 (linux64) logging started Sun May 17 07:16:49 2015


Gurobi 5.6.3 (linux64) logging started Sun May 17 07:19:28 2015


Gurobi 5.6.3 (linux64) logging started Sun May 17 07:21:45 2015


Gurobi 5.6.3 (linux64) logging started Sun May 17 07:22:15 2015


Gurobi 5.6.3 (linux64) logging started Sun May 17 07:23:10 2015


Gurobi 5.6.3 (linux64) logging started Sun May 17 07:23:54 2015


Gurobi 5.6.3 (linux64) logging started Sun May 17 07:26:29 2015


Gurobi 5.6.3 (linux64) logging started Sun May 17 07:26:54 2015


Gurobi 5.6.3 (linux64) logging started Sun May 17 07:27:34 2015


Gurobi 5.6.3 (linux64) logging started Sun May 17 07:36:00 2015


Gurobi 5.6.3 (linux64) logging started Sun May 17 07:36:19 2015


Gurobi 5.6.3 (linux64) logging started Sun May 17 07:37:11 2015


Gurobi 5.6.3 (linux64) logging started Sun May 17 07:39:31 2015


Gurobi 5.6.3 (linux64) logging started Sun May 17 07:41:35 2015


Gurobi 5.6.3 (linux64) logging started Sun May 17 08:03:27 2015


Gurobi 5.6.3 (linux64) logging started Sun May 17 08:08:42 2015


Gurobi 5.6.3 (linux64) logging started Sun May 17 08:11:00 2015


Gurobi 5.6.3 (linux64) logging started Sun May 17 08:11:23 2015


Gurobi 5.6.3 (linux64) logging started Sun May 17 08:53:48 2015


Gurobi 5.6.3 (linux64) logging started Sun May 17 08:54:12 2015


Gurobi 5.6.3 (linux64) logging started Sun May 17 08:55:28 2015


Gurobi 5.6.3 (linux64) logging started Sun May 17 08:56:18 2015


Gurobi 5.6.3 (linux64) logging started Sun May 17 09:00:39 2015


Gurobi 5.6.3 (linux64) logging started Sun May 17 09:01:12 2015


Gurobi 5.6.3 (linux64) logging started Sun May 17 09:02:17 2015


Gurobi 5.6.3 (linux64) logging started Sun May 17 09:02:34 2015


Gurobi 5.6.3 (linux64) logging started Sun May 17 09:03:59 2015


Gurobi 5.6.3 (linux64) logging started Sun May 17 09:16:02 2015


Gurobi 5.6.3 (linux64) logging started Sun May 17 09:16:35 2015


Gurobi 5.6.3 (linux64) logging started Sun May 17 09:17:17 2015


Gurobi 5.6.3 (linux64) logging started Sun May 17 09:19:36 2015


Gurobi 5.6.3 (linux64) logging started Sun May 17 09:21:14 2015


Gurobi 5.6.3 (linux64) logging started Sun May 17 09:23:42 2015


Gurobi 5.6.3 (linux64) logging started Sun May 17 09:25:13 2015


Gurobi 5.6.3 (linux64) logging started Sun May 17 09:28:55 2015


Gurobi 5.6.3 (linux64) logging started Sun May 17 09:30:26 2015


Gurobi 5.6.3 (linux64) logging started Sun May 17 09:35:23 2015


Gurobi 5.6.3 (linux64) logging started Sun May 17 09:39:55 2015


Gurobi 5.6.3 (linux64) logging started Sun May 17 09:40:46 2015


Gurobi 5.6.3 (linux64) logging started Sun May 17 10:01:57 2015


Gurobi 5.6.3 (linux64) logging started Sun May 17 10:05:08 2015


Gurobi 5.6.3 (linux64) logging started Sun May 17 10:06:04 2015


Gurobi 5.6.3 (linux64) logging started Sun May 17 10:06:50 2015


Gurobi 5.6.3 (linux64) logging started Sun May 17 10:07:32 2015


Gurobi 5.6.3 (linux64) logging started Sun May 17 10:13:38 2015


Gurobi 5.6.3 (linux64) logging started Sun May 17 10:14:03 2015


Gurobi 5.6.3 (linux64) logging started Sun May 17 19:04:28 2015


Gurobi 5.6.3 (linux64) logging started Fri May 22 20:27:11 2015


Gurobi 5.6.3 (linux64) logging started Fri May 22 20:42:50 2015


Gurobi 5.6.3 (linux64) logging started Fri May 22 20:43:29 2015


Gurobi 5.6.3 (linux64) logging started Fri May 22 20:43:45 2015


Gurobi 5.6.3 (linux64) logging started Fri May 22 20:49:22 2015


Gurobi 5.6.3 (linux64) logging started Fri May 22 20:49:46 2015


Gurobi 5.6.3 (linux64) logging started Fri May 22 20:50:04 2015


Gurobi 5.6.3 (linux64) logging started Fri May 22 20:51:44 2015


Gurobi 5.6.3 (linux64) logging started Fri May 22 20:52:13 2015


Gurobi 5.6.3 (linux64) logging started Fri May 22 20:54:19 2015


Gurobi 5.6.3 (linux64) logging started Fri May 22 20:54:37 2015


Gurobi 5.6.3 (linux64) logging started Fri May 22 20:55:00 2015


Gurobi 5.6.3 (linux64) logging started Fri May 22 20:55:15 2015


Gurobi 5.6.3 (linux64) logging started Fri May 22 20:59:25 2015


Gurobi 5.6.3 (linux64) logging started Fri May 22 20:59:35 2015


Gurobi 5.6.3 (linux64) logging started Fri May 22 21:08:41 2015


Gurobi 5.6.3 (linux64) logging started Fri May 22 21:23:37 2015


Gurobi 5.6.3 (linux64) logging started Fri May 22 21:24:09 2015


Gurobi 5.6.3 (linux64) logging started Fri May 22 21:25:44 2015


Gurobi 5.6.3 (linux64) logging started Fri May 22 21:27:00 2015


Gurobi 5.6.3 (linux64) logging started Fri May 22 22:20:23 2015


Gurobi 5.6.3 (linux64) logging started Fri May 22 22:22:22 2015


Gurobi 5.6.3 (linux64) logging started Fri May 22 22:27:54 2015


Gurobi 5.6.3 (linux64) logging started Fri May 22 22:28:12 2015


Gurobi 5.6.3 (linux64) logging started Fri May 22 22:28:34 2015


Gurobi 5.6.3 (linux64) logging started Fri May 22 22:29:26 2015


Gurobi 5.6.3 (linux64) logging started Fri May 22 22:29:58 2015


Gurobi 5.6.3 (linux64) logging started Fri May 22 22:31:17 2015


Gurobi 5.6.3 (linux64) logging started Fri May 22 22:31:43 2015


Gurobi 5.6.3 (linux64) logging started Fri May 22 22:41:23 2015


Gurobi 5.6.3 (linux64) logging started Sat May 23 07:30:25 2015


Gurobi 5.6.3 (linux64) logging started Sat May 23 07:30:50 2015


Gurobi 5.6.3 (linux64) logging started Sat May 23 07:31:48 2015


Gurobi 5.6.3 (linux64) logging started Sat May 23 07:32:02 2015


Gurobi 5.6.3 (linux64) logging started Sat May 23 07:39:06 2015


Gurobi 5.6.3 (linux64) logging started Sat May 23 07:39:39 2015


Gurobi 5.6.3 (linux64) logging started Sat May 23 07:40:31 2015


Gurobi 5.6.3 (linux64) logging started Sat May 23 07:41:40 2015


Gurobi 5.6.3 (linux64) logging started Sat May 23 07:42:46 2015


Gurobi 5.6.3 (linux64) logging started Sat May 23 07:44:39 2015


Gurobi 5.6.3 (linux64) logging started Sat May 23 07:46:01 2015


Gurobi 5.6.3 (linux64) logging started Sat May 23 07:47:36 2015


Gurobi 5.6.3 (linux64) logging started Sat May 23 07:48:30 2015


Gurobi 5.6.3 (linux64) logging started Sat May 23 07:48:48 2015


Gurobi 5.6.3 (linux64) logging started Sat May 23 07:49:16 2015


Gurobi 5.6.3 (linux64) logging started Sat May 23 07:54:17 2015


Gurobi 5.6.3 (linux64) logging started Sat May 23 07:55:04 2015


Gurobi 5.6.3 (linux64) logging started Sat May 23 08:03:10 2015


Gurobi 5.6.3 (linux64) logging started Sat May 23 08:08:00 2015


Gurobi 5.6.3 (linux64) logging started Sat May 23 08:08:57 2015


Gurobi 5.6.3 (linux64) logging started Sat May 23 08:17:43 2015


Gurobi 5.6.3 (linux64) logging started Sat May 23 08:18:07 2015


Gurobi 5.6.3 (linux64) logging started Sat May 23 08:18:56 2015


Gurobi 5.6.3 (linux64) logging started Sat May 23 08:19:39 2015


Gurobi 5.6.3 (linux64) logging started Sat May 23 08:20:30 2015


Gurobi 5.6.3 (linux64) logging started Sat May 23 08:21:05 2015


Gurobi 5.6.3 (linux64) logging started Sat May 23 08:25:03 2015


Gurobi 5.6.3 (linux64) logging started Sat May 23 08:25:32 2015


Gurobi 5.6.3 (linux64) logging started Sat May 23 08:27:18 2015


Gurobi 5.6.3 (linux64) logging started Sat May 23 08:28:24 2015


Gurobi 5.6.3 (linux64) logging started Sat May 23 08:56:04 2015


Gurobi 5.6.3 (linux64) logging started Sat May 23 08:56:18 2015


Gurobi 5.6.3 (linux64) logging started Sat May 23 08:56:31 2015


Gurobi 5.6.3 (linux64) logging started Sat May 23 09:05:47 2015


Gurobi 5.6.3 (linux64) logging started Sat May 23 09:06:08 2015


Gurobi 5.6.3 (linux64) logging started Sat May 23 09:09:07 2015


Gurobi 5.6.3 (linux64) logging started Sat May 23 09:09:34 2015


Gurobi 5.6.3 (linux64) logging started Sat May 23 09:09:54 2015


Gurobi 5.6.3 (linux64) logging started Sat May 23 09:11:14 2015


Gurobi 5.6.3 (linux64) logging started Sun May 24 08:05:15 2015


Gurobi 5.6.3 (linux64) logging started Sun May 24 08:06:27 2015


Gurobi 5.6.3 (linux64) logging started Sun May 24 08:07:06 2015


Gurobi 5.6.3 (linux64) logging started Sun May 24 08:07:57 2015


Gurobi 5.6.3 (linux64) logging started Sun May 24 08:15:03 2015


Gurobi 5.6.3 (linux64) logging started Sun May 24 08:19:04 2015


Gurobi 5.6.3 (linux64) logging started Sun May 24 08:20:10 2015


Gurobi 5.6.3 (linux64) logging started Sun May 24 08:20:47 2015


Gurobi 5.6.3 (linux64) logging started Sun May 24 08:21:17 2015


Gurobi 5.6.3 (linux64) logging started Sun May 24 08:22:13 2015


Gurobi 5.6.3 (linux64) logging started Sun May 24 08:25:20 2015


Gurobi 5.6.3 (linux64) logging started Sun May 24 08:25:52 2015


Gurobi 5.6.3 (linux64) logging started Sun May 24 08:26:16 2015


Gurobi 5.6.3 (linux64) logging started Sun May 24 08:26:44 2015


Gurobi 5.6.3 (linux64) logging started Sun May 24 08:26:58 2015


Gurobi 5.6.3 (linux64) logging started Sun May 24 08:27:27 2015


Gurobi 5.6.3 (linux64) logging started Sun May 24 08:31:16 2015


Gurobi 5.6.3 (linux64) logging started Sun May 24 08:32:17 2015


Gurobi 5.6.3 (linux64) logging started Sun May 24 08:33:20 2015


Gurobi 5.6.3 (linux64) logging started Sun May 24 08:35:10 2015


Gurobi 5.6.3 (linux64) logging started Sun May 24 08:35:53 2015


Gurobi 5.6.3 (linux64) logging started Sun May 24 08:40:01 2015


Gurobi 5.6.3 (linux64) logging started Sun May 24 08:43:45 2015


Gurobi 5.6.3 (linux64) logging started Sun May 24 08:45:25 2015


Gurobi 5.6.3 (linux64) logging started Sun May 24 08:46:40 2015


Gurobi 5.6.3 (linux64) logging started Sun May 24 09:54:37 2015


Gurobi 5.6.3 (linux64) logging started Sun May 24 09:54:51 2015


Gurobi 5.6.3 (linux64) logging started Sun May 24 09:56:13 2015


Gurobi 5.6.3 (linux64) logging started Mon May 25 01:50:48 2015


Gurobi 5.6.3 (linux64) logging started Mon May 25 01:51:01 2015


Gurobi 5.6.3 (linux64) logging started Mon May 25 01:52:10 2015


Gurobi 5.6.3 (linux64) logging started Mon May 25 01:54:16 2015


Gurobi 5.6.3 (linux64) logging started Mon May 25 01:55:07 2015


Gurobi 5.6.3 (linux64) logging started Tue May 26 05:00:04 2015


Gurobi 5.6.3 (linux64) logging started Tue May 26 05:00:54 2015


Gurobi 5.6.3 (linux64) logging started Tue May 26 05:01:13 2015


Gurobi 5.6.3 (linux64) logging started Tue May 26 05:01:48 2015


Gurobi 5.6.3 (linux64) logging started Tue May 26 05:02:16 2015


Gurobi 5.6.3 (linux64) logging started Tue May 26 05:07:41 2015


Gurobi 5.6.3 (linux64) logging started Tue May 26 05:08:51 2015


Gurobi 5.6.3 (linux64) logging started Tue May 26 05:11:39 2015


Gurobi 5.6.3 (linux64) logging started Tue May 26 05:13:01 2015


Gurobi 5.6.3 (linux64) logging started Tue May 26 05:15:54 2015


Gurobi 5.6.3 (linux64) logging started Tue May 26 05:17:41 2015


Gurobi 5.6.3 (linux64) logging started Tue May 26 05:18:00 2015


Gurobi 5.6.3 (linux64) logging started Tue May 26 05:20:33 2015


Gurobi 5.6.3 (linux64) logging started Tue May 26 05:21:26 2015


Gurobi 5.6.3 (linux64) logging started Tue May 26 05:24:41 2015


Gurobi 5.6.3 (linux64) logging started Tue May 26 05:25:11 2015


Gurobi 5.6.3 (linux64) logging started Tue May 26 05:26:19 2015


Gurobi 5.6.3 (linux64) logging started Tue May 26 05:26:35 2015


Gurobi 5.6.3 (linux64) logging started Tue May 26 05:26:59 2015


Gurobi 5.6.3 (linux64) logging started Tue May 26 05:36:56 2015


Gurobi 5.6.3 (linux64) logging started Tue May 26 07:02:13 2015


Gurobi 5.6.3 (linux64) logging started Tue May 26 16:49:04 2015


Gurobi 5.6.3 (linux64) logging started Tue May 26 17:05:29 2015


Gurobi 5.6.3 (linux64) logging started Wed May 27 06:34:17 2015


Gurobi 5.6.3 (linux64) logging started Wed May 27 06:34:53 2015


Gurobi 5.6.3 (linux64) logging started Wed May 27 06:35:05 2015


Gurobi 5.6.3 (linux64) logging started Wed May 27 06:35:17 2015


Gurobi 5.6.3 (linux64) logging started Wed May 27 06:48:42 2015


Gurobi 5.6.3 (linux64) logging started Wed May 27 06:49:43 2015


Gurobi 5.6.3 (linux64) logging started Wed May 27 18:07:35 2015


Gurobi 5.6.3 (linux64) logging started Wed May 27 18:07:58 2015


Gurobi 5.6.3 (linux64) logging started Wed May 27 18:10:27 2015


Gurobi 5.6.3 (linux64) logging started Wed May 27 18:10:40 2015


Gurobi 5.6.3 (linux64) logging started Wed May 27 18:11:09 2015


Gurobi 5.6.3 (linux64) logging started Wed May 27 18:11:25 2015


Gurobi 5.6.3 (linux64) logging started Wed May 27 18:32:44 2015


Gurobi 5.6.3 (linux64) logging started Wed May 27 18:35:09 2015


Gurobi 5.6.3 (linux64) logging started Wed May 27 18:36:01 2015


Gurobi 5.6.3 (linux64) logging started Wed May 27 18:38:05 2015


Gurobi 5.6.3 (linux64) logging started Wed May 27 18:38:57 2015


Gurobi 5.6.3 (linux64) logging started Wed May 27 18:39:18 2015


Gurobi 5.6.3 (linux64) logging started Wed May 27 18:39:59 2015


Gurobi 5.6.3 (linux64) logging started Wed May 27 18:41:33 2015


Gurobi 5.6.3 (linux64) logging started Wed May 27 18:43:54 2015


Gurobi 5.6.3 (linux64) logging started Wed May 27 18:44:49 2015


Gurobi 5.6.3 (linux64) logging started Wed May 27 18:45:06 2015


Gurobi 5.6.3 (linux64) logging started Wed May 27 18:45:39 2015


Gurobi 5.6.3 (linux64) logging started Wed May 27 18:46:19 2015


Gurobi 5.6.3 (linux64) logging started Wed May 27 18:49:16 2015


Gurobi 5.6.3 (linux64) logging started Wed May 27 18:53:46 2015


Gurobi 5.6.3 (linux64) logging started Wed May 27 18:54:07 2015


Gurobi 5.6.3 (linux64) logging started Wed May 27 18:54:27 2015


Gurobi 5.6.3 (linux64) logging started Wed May 27 20:17:44 2015


Gurobi 5.6.3 (linux64) logging started Thu May 28 07:04:25 2015


Gurobi 5.6.3 (linux64) logging started Thu May 28 07:05:11 2015


Gurobi 5.6.3 (linux64) logging started Thu May 28 07:18:23 2015


Gurobi 5.6.3 (linux64) logging started Thu May 28 07:23:15 2015


Gurobi 5.6.3 (linux64) logging started Thu May 28 07:23:59 2015


Gurobi 5.6.3 (linux64) logging started Thu May 28 07:24:56 2015


Gurobi 5.6.3 (linux64) logging started Thu May 28 07:25:41 2015


Gurobi 5.6.3 (linux64) logging started Thu May 28 07:27:44 2015


Gurobi 5.6.3 (linux64) logging started Thu May 28 07:29:00 2015


Gurobi 5.6.3 (linux64) logging started Thu May 28 07:30:11 2015


Gurobi 5.6.3 (linux64) logging started Thu May 28 07:30:54 2015


Gurobi 5.6.3 (linux64) logging started Thu May 28 07:31:05 2015


Gurobi 5.6.3 (linux64) logging started Thu May 28 07:32:19 2015


Gurobi 5.6.3 (linux64) logging started Thu May 28 07:37:40 2015


Gurobi 5.6.3 (linux64) logging started Thu May 28 07:38:31 2015


Gurobi 5.6.3 (linux64) logging started Thu May 28 07:47:27 2015


Gurobi 5.6.3 (linux64) logging started Thu May 28 07:48:33 2015


Gurobi 5.6.3 (linux64) logging started Thu May 28 07:49:43 2015


Gurobi 5.6.3 (linux64) logging started Thu May 28 07:52:40 2015


Gurobi 5.6.3 (linux64) logging started Thu May 28 08:08:42 2015


Gurobi 5.6.3 (linux64) logging started Thu May 28 08:09:48 2015


Gurobi 5.6.3 (linux64) logging started Thu May 28 08:10:15 2015


Gurobi 5.6.3 (linux64) logging started Thu May 28 08:12:50 2015


Gurobi 5.6.3 (linux64) logging started Fri May 29 05:33:12 2015


Gurobi 5.6.3 (linux64) logging started Fri May 29 05:35:56 2015


Gurobi 5.6.3 (linux64) logging started Fri May 29 05:38:16 2015


Gurobi 5.6.3 (linux64) logging started Fri May 29 05:39:03 2015


Gurobi 5.6.3 (linux64) logging started Fri May 29 05:39:50 2015


Gurobi 5.6.3 (linux64) logging started Fri May 29 05:49:44 2015


Gurobi 5.6.3 (linux64) logging started Fri May 29 05:55:06 2015


Gurobi 5.6.3 (linux64) logging started Fri May 29 06:01:09 2015


Gurobi 5.6.3 (linux64) logging started Fri May 29 06:02:18 2015


Gurobi 5.6.3 (linux64) logging started Fri May 29 06:04:05 2015


Gurobi 5.6.3 (linux64) logging started Fri May 29 06:13:25 2015


Gurobi 5.6.3 (linux64) logging started Fri May 29 06:47:39 2015


Gurobi 5.6.3 (linux64) logging started Fri May 29 06:48:27 2015


Gurobi 5.6.3 (linux64) logging started Fri May 29 06:50:05 2015


Gurobi 5.6.3 (linux64) logging started Fri May 29 06:52:53 2015


Gurobi 5.6.3 (linux64) logging started Fri May 29 06:53:07 2015


Gurobi 5.6.3 (linux64) logging started Fri May 29 06:53:51 2015


Gurobi 5.6.3 (linux64) logging started Fri May 29 06:55:25 2015


Gurobi 5.6.3 (linux64) logging started Fri May 29 06:56:54 2015


Gurobi 5.6.3 (linux64) logging started Fri May 29 06:58:08 2015


Gurobi 5.6.3 (linux64) logging started Fri May 29 07:00:28 2015


Gurobi 5.6.3 (linux64) logging started Fri May 29 07:13:13 2015


Gurobi 5.6.3 (linux64) logging started Fri May 29 07:14:53 2015


Gurobi 5.6.3 (linux64) logging started Fri May 29 07:16:04 2015


Gurobi 5.6.3 (linux64) logging started Fri May 29 07:19:45 2015


Gurobi 5.6.3 (linux64) logging started Fri May 29 07:20:54 2015


Gurobi 5.6.3 (linux64) logging started Fri May 29 07:21:15 2015


Gurobi 5.6.3 (linux64) logging started Fri May 29 07:22:16 2015


Gurobi 5.6.3 (linux64) logging started Fri May 29 07:22:47 2015


Gurobi 5.6.3 (linux64) logging started Fri May 29 07:23:18 2015


Gurobi 5.6.3 (linux64) logging started Fri May 29 07:23:47 2015


Gurobi 5.6.3 (linux64) logging started Fri May 29 07:24:27 2015


Gurobi 5.6.3 (linux64) logging started Fri May 29 07:25:12 2015


Gurobi 5.6.3 (linux64) logging started Fri May 29 07:26:33 2015


Gurobi 5.6.3 (linux64) logging started Fri May 29 07:27:05 2015


Gurobi 5.6.3 (linux64) logging started Fri May 29 07:27:51 2015


Gurobi 5.6.3 (linux64) logging started Fri May 29 07:32:04 2015


Gurobi 5.6.3 (linux64) logging started Fri May 29 07:32:46 2015


Gurobi 5.6.3 (linux64) logging started Fri May 29 07:33:46 2015


Gurobi 5.6.3 (linux64) logging started Fri May 29 07:35:32 2015


Gurobi 5.6.3 (linux64) logging started Fri May 29 07:36:07 2015


Gurobi 5.6.3 (linux64) logging started Fri May 29 07:38:16 2015


Gurobi 5.6.3 (linux64) logging started Fri May 29 07:38:44 2015


Gurobi 5.6.3 (linux64) logging started Fri May 29 07:44:04 2015


Gurobi 5.6.3 (linux64) logging started Fri May 29 07:49:21 2015


Gurobi 5.6.3 (linux64) logging started Fri May 29 07:50:03 2015


Gurobi 5.6.3 (linux64) logging started Sun May 31 01:29:29 2015


Gurobi 5.6.3 (linux64) logging started Wed Jun  3 00:04:08 2015


Gurobi 5.6.3 (linux64) logging started Wed Jun  3 00:04:23 2015


Gurobi 5.6.3 (linux64) logging started Wed Jun  3 00:11:50 2015


Gurobi 5.6.3 (linux64) logging started Wed Jun  3 00:12:06 2015


Gurobi 5.6.3 (linux64) logging started Mon Jun 15 14:51:32 2015


Gurobi 5.6.3 (linux64) logging started Mon Jun 15 15:23:43 2015


Gurobi 5.6.3 (linux64) logging started Mon Jun 15 15:24:10 2015


Gurobi 5.6.3 (linux64) logging started Mon Jun 15 15:25:12 2015


Gurobi 5.6.3 (linux64) logging started Mon Jun 15 15:27:42 2015


Gurobi 5.6.3 (linux64) logging started Mon Jun 15 15:29:48 2015


Gurobi 5.6.3 (linux64) logging started Mon Jun 15 15:30:02 2015


Gurobi 5.6.3 (linux64) logging started Mon Jun 15 15:35:19 2015


Gurobi 5.6.3 (linux64) logging started Mon Jun 15 15:36:36 2015


Gurobi 5.6.3 (linux64) logging started Mon Jun 15 15:38:04 2015


Gurobi 5.6.3 (linux64) logging started Mon Jun 15 15:38:47 2015


Gurobi 5.6.3 (linux64) logging started Mon Jun 15 15:40:17 2015


Gurobi 5.6.3 (linux64) logging started Mon Jun 15 15:41:38 2015


Gurobi 5.6.3 (linux64) logging started Mon Jun 15 15:42:50 2015


Gurobi 5.6.3 (linux64) logging started Mon Jun 15 15:43:57 2015


Gurobi 5.6.3 (linux64) logging started Mon Jun 15 15:44:47 2015


Gurobi 5.6.3 (linux64) logging started Mon Jun 15 15:46:21 2015


Gurobi 5.6.3 (linux64) logging started Mon Jun 15 15:47:10 2015


Gurobi 5.6.3 (linux64) logging started Mon Jun 15 15:49:27 2015


Gurobi 5.6.3 (linux64) logging started Mon Jun 15 15:49:59 2015


Gurobi 5.6.3 (linux64) logging started Mon Jun 15 15:52:00 2015


Gurobi 5.6.3 (linux64) logging started Mon Jun 15 15:56:58 2015


Gurobi 5.6.3 (linux64) logging started Mon Jun 15 15:58:32 2015


Gurobi 5.6.3 (linux64) logging started Mon Jun 15 16:02:20 2015


Gurobi 5.6.3 (linux64) logging started Mon Jun 15 16:07:34 2015


Gurobi 5.6.3 (linux64) logging started Mon Jun 15 16:07:59 2015


Gurobi 5.6.3 (linux64) logging started Mon Jun 15 16:08:24 2015


Gurobi 5.6.3 (linux64) logging started Mon Jun 15 16:09:13 2015


Gurobi 5.6.3 (linux64) logging started Mon Jun 15 16:09:28 2015


Gurobi 5.6.3 (linux64) logging started Mon Jun 15 16:10:26 2015


Gurobi 5.6.3 (linux64) logging started Mon Jun 15 16:10:55 2015


Gurobi 5.6.3 (linux64) logging started Mon Jun 15 16:12:40 2015


Gurobi 5.6.3 (linux64) logging started Mon Jun 15 16:14:09 2015


Gurobi 5.6.3 (linux64) logging started Mon Jun 15 16:15:00 2015


Gurobi 5.6.3 (linux64) logging started Mon Jun 15 16:16:10 2015


Gurobi 5.6.3 (linux64) logging started Mon Jun 15 16:18:28 2015


Gurobi 5.6.3 (linux64) logging started Mon Jun 15 16:23:01 2015


Gurobi 5.6.3 (linux64) logging started Mon Jun 15 16:23:36 2015


Gurobi 5.6.3 (linux64) logging started Mon Jun 15 16:24:18 2015


Gurobi 5.6.3 (linux64) logging started Mon Jun 15 16:25:04 2015


Gurobi 5.6.3 (linux64) logging started Mon Jun 15 16:32:19 2015


Gurobi 5.6.3 (linux64) logging started Mon Jun 15 16:32:45 2015


Gurobi 5.6.3 (linux64) logging started Mon Jun 15 16:58:09 2015


Gurobi 5.6.3 (linux64) logging started Mon Jun 15 16:59:41 2015


Gurobi 5.6.3 (linux64) logging started Mon Jun 15 17:28:02 2015


Gurobi 5.6.3 (linux64) logging started Mon Jun 15 17:29:17 2015


Gurobi 5.6.3 (linux64) logging started Mon Jun 15 17:29:49 2015


Gurobi 5.6.3 (linux64) logging started Mon Jun 15 17:36:24 2015


Gurobi 5.6.3 (linux64) logging started Mon Jun 15 17:36:44 2015


Gurobi 5.6.3 (linux64) logging started Mon Jun 15 17:37:16 2015


Gurobi 5.6.3 (linux64) logging started Mon Jun 15 17:38:59 2015


Gurobi 5.6.3 (linux64) logging started Tue Jun 16 13:12:10 2015


Gurobi 5.6.3 (linux64) logging started Tue Jun 16 13:44:29 2015


Gurobi 5.6.3 (linux64) logging started Tue Jun 16 13:45:32 2015


Gurobi 5.6.3 (linux64) logging started Tue Jun 16 13:47:57 2015


Gurobi 5.6.3 (linux64) logging started Tue Jun 16 13:48:22 2015


Gurobi 5.6.3 (linux64) logging started Tue Jun 16 14:43:01 2015


Gurobi 5.6.3 (linux64) logging started Tue Jun 16 14:50:21 2015


Gurobi 5.6.3 (linux64) logging started Tue Jun 16 15:02:06 2015


Gurobi 5.6.3 (linux64) logging started Tue Jun 16 15:05:15 2015


Gurobi 5.6.3 (linux64) logging started Tue Jun 16 15:06:15 2015


Gurobi 5.6.3 (linux64) logging started Tue Jun 16 16:15:45 2015


Gurobi 5.6.3 (linux64) logging started Tue Jun 16 16:17:55 2015


Gurobi 5.6.3 (linux64) logging started Tue Jun 16 16:26:07 2015


Gurobi 5.6.3 (linux64) logging started Tue Jun 16 16:26:22 2015


Gurobi 5.6.3 (linux64) logging started Tue Jun 16 16:39:46 2015


Gurobi 5.6.3 (linux64) logging started Tue Jun 16 16:40:52 2015


Gurobi 5.6.3 (linux64) logging started Tue Jun 16 16:58:08 2015


Gurobi 5.6.3 (linux64) logging started Tue Jun 16 17:04:11 2015


Gurobi 5.6.3 (linux64) logging started Tue Jun 16 17:26:33 2015


Gurobi 5.6.3 (linux64) logging started Tue Jun 16 17:32:17 2015


Gurobi 5.6.3 (linux64) logging started Tue Jun 16 17:33:34 2015


Gurobi 5.6.3 (linux64) logging started Tue Jun 16 17:38:55 2015


Gurobi 5.6.3 (linux64) logging started Tue Jun 16 17:45:03 2015


Gurobi 5.6.3 (linux64) logging started Tue Jun 16 17:49:52 2015


Gurobi 5.6.3 (linux64) logging started Tue Jun 16 17:56:55 2015


Gurobi 5.6.3 (linux64) logging started Tue Jun 16 23:05:17 2015


Gurobi 5.6.3 (linux64) logging started Tue Jun 16 23:12:57 2015


Gurobi 5.6.3 (linux64) logging started Tue Jun 16 23:19:17 2015


Gurobi 5.6.3 (linux64) logging started Tue Jun 16 23:25:42 2015


Gurobi 5.6.3 (linux64) logging started Tue Jun 16 23:32:01 2015


Gurobi 5.6.3 (linux64) logging started Tue Jun 16 23:45:10 2015


Gurobi 5.6.3 (linux64) logging started Tue Jun 16 23:54:53 2015


Gurobi 5.6.3 (linux64) logging started Wed Jun 17 00:18:03 2015


Gurobi 5.6.3 (linux64) logging started Wed Jun 17 00:35:06 2015


Gurobi 5.6.3 (linux64) logging started Wed Jun 17 00:37:34 2015


Gurobi 5.6.3 (linux64) logging started Wed Jun 17 00:44:17 2015


Gurobi 5.6.3 (linux64) logging started Wed Jun 17 00:49:04 2015


Gurobi 5.6.3 (linux64) logging started Wed Jun 17 00:55:32 2015


Gurobi 5.6.3 (linux64) logging started Wed Jun 17 01:04:43 2015


Gurobi 5.6.3 (linux64) logging started Wed Jun 17 01:06:37 2015


Gurobi 5.6.3 (linux64) logging started Wed Jun 17 01:12:58 2015


Gurobi 5.6.3 (linux64) logging started Wed Jun 17 01:19:50 2015


Gurobi 5.6.3 (linux64) logging started Wed Jun 17 01:26:12 2015


Gurobi 5.6.3 (linux64) logging started Wed Jun 17 01:39:31 2015


Gurobi 5.6.3 (linux64) logging started Wed Jun 17 01:46:30 2015


Gurobi 5.6.3 (linux64) logging started Wed Jun 17 01:49:32 2015


Gurobi 5.6.3 (linux64) logging started Thu Jun 18 01:12:44 2015


Gurobi 5.6.3 (linux64) logging started Thu Jun 18 01:45:06 2015


Gurobi 5.6.3 (linux64) logging started Thu Jun 18 01:45:36 2015


Gurobi 5.6.3 (linux64) logging started Thu Jun 18 01:49:01 2015


Gurobi 5.6.3 (linux64) logging started Thu Jun 18 01:57:01 2015


Gurobi 5.6.3 (linux64) logging started Thu Jun 18 01:59:29 2015


Gurobi 5.6.3 (linux64) logging started Thu Jun 18 02:02:09 2015


Gurobi 5.6.3 (linux64) logging started Thu Jun 18 02:14:46 2015


Gurobi 5.6.3 (linux64) logging started Thu Jun 18 11:27:09 2015


Gurobi 5.6.3 (linux64) logging started Thu Jun 18 11:49:28 2015


Gurobi 5.6.3 (linux64) logging started Thu Jun 18 11:50:47 2015


Gurobi 5.6.3 (linux64) logging started Thu Jun 18 12:15:40 2015


Gurobi 5.6.3 (linux64) logging started Thu Jun 18 12:32:30 2015


Gurobi 5.6.3 (linux64) logging started Thu Jun 18 12:35:29 2015


Gurobi 5.6.3 (linux64) logging started Thu Jun 18 13:51:14 2015


Gurobi 5.6.3 (linux64) logging started Thu Jun 18 16:59:41 2015


Gurobi 5.6.3 (linux64) logging started Fri Jun 19 11:22:05 2015


Gurobi 5.6.3 (linux64) logging started Fri Jun 19 11:26:28 2015


Gurobi 5.6.3 (linux64) logging started Fri Jun 19 12:22:48 2015


Gurobi 5.6.3 (linux64) logging started Fri Jun 19 12:30:32 2015


Gurobi 5.6.3 (linux64) logging started Fri Jun 19 12:32:27 2015


Gurobi 5.6.3 (linux64) logging started Fri Jun 19 12:43:55 2015


Gurobi 5.6.3 (linux64) logging started Fri Jun 19 12:46:22 2015


Gurobi 5.6.3 (linux64) logging started Fri Jun 19 12:55:10 2015


Gurobi 5.6.3 (linux64) logging started Fri Jun 19 12:57:02 2015


Gurobi 5.6.3 (linux64) logging started Fri Jun 19 12:59:37 2015


Gurobi 5.6.3 (linux64) logging started Fri Jun 19 13:01:46 2015


Gurobi 5.6.3 (linux64) logging started Fri Jun 19 13:06:00 2015


Gurobi 5.6.3 (linux64) logging started Fri Jun 19 13:11:04 2015


Gurobi 5.6.3 (linux64) logging started Fri Jun 19 13:14:28 2015


Gurobi 5.6.3 (linux64) logging started Fri Jun 19 13:30:22 2015


Gurobi 5.6.3 (linux64) logging started Fri Jun 19 13:37:40 2015


Gurobi 5.6.3 (linux64) logging started Fri Jun 19 14:23:15 2015


Gurobi 5.6.3 (linux64) logging started Fri Jun 19 14:44:14 2015


Gurobi 5.6.3 (linux64) logging started Fri Jun 19 14:48:06 2015


Gurobi 5.6.3 (linux64) logging started Fri Jun 19 14:55:12 2015


Gurobi 5.6.3 (linux64) logging started Fri Jun 19 14:56:40 2015


Gurobi 5.6.3 (linux64) logging started Fri Jun 19 15:04:26 2015


Gurobi 5.6.3 (linux64) logging started Fri Jun 19 15:16:00 2015


Gurobi 5.6.3 (linux64) logging started Fri Jun 19 15:25:37 2015


Gurobi 5.6.3 (linux64) logging started Fri Jun 19 15:25:44 2015


Gurobi 5.6.3 (linux64) logging started Fri Jun 19 15:26:11 2015


Gurobi 5.6.3 (linux64) logging started Fri Jun 19 15:26:28 2015


Gurobi 5.6.3 (linux64) logging started Fri Jun 19 15:26:42 2015


Gurobi 5.6.3 (linux64) logging started Fri Jun 19 15:32:13 2015


Gurobi 5.6.3 (linux64) logging started Sat Jun 20 00:56:54 2015


Gurobi 5.6.3 (linux64) logging started Sat Jun 20 00:58:05 2015


Gurobi 5.6.3 (linux64) logging started Sat Jun 20 00:58:23 2015


Gurobi 5.6.3 (linux64) logging started Sat Jun 20 00:58:41 2015


Gurobi 5.6.3 (linux64) logging started Sat Jun 20 00:58:57 2015


Gurobi 5.6.3 (linux64) logging started Sat Jun 20 01:10:30 2015


Gurobi 5.6.3 (linux64) logging started Sat Jun 20 01:15:08 2015


Gurobi 5.6.3 (linux64) logging started Sat Jun 20 01:15:55 2015


Gurobi 5.6.3 (linux64) logging started Sat Jun 20 01:22:19 2015


Gurobi 5.6.3 (linux64) logging started Sat Jun 20 01:31:59 2015


Gurobi 5.6.3 (linux64) logging started Sat Jun 20 01:43:46 2015


Gurobi 5.6.3 (linux64) logging started Sat Jun 20 01:53:44 2015


Gurobi 5.6.3 (linux64) logging started Sat Jun 20 01:59:21 2015


Gurobi 5.6.3 (linux64) logging started Sat Jun 20 11:14:06 2015


Gurobi 5.6.3 (linux64) logging started Sat Jun 20 11:19:15 2015


Gurobi 5.6.3 (linux64) logging started Sat Jun 20 11:34:57 2015


Gurobi 5.6.3 (linux64) logging started Sat Jun 20 11:35:45 2015


Gurobi 5.6.3 (linux64) logging started Sat Jun 20 11:47:52 2015


Gurobi 5.6.3 (linux64) logging started Sat Jun 20 16:40:21 2015


Gurobi 5.6.3 (linux64) logging started Sat Jun 20 16:56:31 2015


Gurobi 5.6.3 (linux64) logging started Sat Jun 20 16:56:52 2015


Gurobi 5.6.3 (linux64) logging started Sat Jun 20 17:25:46 2015


Gurobi 5.6.3 (linux64) logging started Sat Jun 20 17:32:57 2015


Gurobi 5.6.3 (linux64) logging started Sat Jun 20 17:33:08 2015


Gurobi 5.6.3 (linux64) logging started Sat Jun 20 18:24:20 2015


Gurobi 5.6.3 (linux64) logging started Sat Jun 20 18:24:34 2015


Gurobi 5.6.3 (linux64) logging started Sat Jun 20 18:25:53 2015


Gurobi 5.6.3 (linux64) logging started Sat Jun 20 18:28:22 2015


Gurobi 5.6.3 (linux64) logging started Sat Jun 20 20:54:05 2015


Gurobi 5.6.3 (linux64) logging started Sat Jun 20 20:55:10 2015


Gurobi 5.6.3 (linux64) logging started Sat Jun 20 20:59:30 2015


Gurobi 5.6.3 (linux64) logging started Sat Jun 20 20:59:41 2015


Gurobi 5.6.3 (linux64) logging started Sat Jun 20 21:10:11 2015


Gurobi 5.6.3 (linux64) logging started Sat Jun 20 21:15:17 2015


Gurobi 5.6.3 (linux64) logging started Sat Jun 20 21:15:52 2015


Gurobi 5.6.3 (linux64) logging started Sat Jun 20 21:16:24 2015


Gurobi 5.6.3 (linux64) logging started Wed Jun 24 23:57:12 2015


Gurobi 5.6.3 (linux64) logging started Wed Jun 24 23:57:25 2015


Gurobi 5.6.3 (linux64) logging started Thu Jun 25 00:06:21 2015


Gurobi 5.6.3 (linux64) logging started Thu Jun 25 09:48:32 2015


Gurobi 5.6.3 (linux64) logging started Thu Jun 25 10:30:33 2015


Gurobi 5.6.3 (linux64) logging started Thu Jun 25 10:30:59 2015


Gurobi 5.6.3 (linux64) logging started Thu Jun 25 11:08:32 2015


Gurobi 5.6.3 (linux64) logging started Thu Jun 25 11:32:27 2015


Gurobi 5.6.3 (linux64) logging started Thu Jun 25 11:32:54 2015


Gurobi 5.6.3 (linux64) logging started Thu Jun 25 13:13:09 2015


Gurobi 5.6.3 (linux64) logging started Thu Jun 25 13:16:48 2015


Gurobi 5.6.3 (linux64) logging started Thu Jun 25 13:18:03 2015


Gurobi 5.6.3 (linux64) logging started Thu Jun 25 13:19:05 2015


Gurobi 5.6.3 (linux64) logging started Thu Jun 25 13:21:23 2015


Gurobi 5.6.3 (linux64) logging started Thu Jun 25 13:21:46 2015


Gurobi 5.6.3 (linux64) logging started Thu Jun 25 13:24:40 2015


Gurobi 5.6.3 (linux64) logging started Thu Jun 25 13:46:33 2015


Gurobi 5.6.3 (linux64) logging started Thu Jun 25 13:46:51 2015


Gurobi 5.6.3 (linux64) logging started Thu Jun 25 13:48:44 2015


Gurobi 5.6.3 (linux64) logging started Thu Jun 25 13:54:20 2015


Gurobi 5.6.3 (linux64) logging started Thu Jun 25 14:10:33 2015


Gurobi 5.6.3 (linux64) logging started Fri Jun 26 11:27:31 2015


Gurobi 5.6.3 (linux64) logging started Fri Jun 26 11:29:09 2015


Gurobi 5.6.3 (linux64) logging started Fri Jun 26 13:14:36 2015


Gurobi 5.6.3 (linux64) logging started Fri Jun 26 13:27:15 2015


Gurobi 5.6.3 (linux64) logging started Fri Jun 26 14:22:52 2015


Gurobi 5.6.3 (linux64) logging started Fri Jun 26 14:26:36 2015


Gurobi 5.6.3 (linux64) logging started Fri Jun 26 14:29:09 2015


Gurobi 5.6.3 (linux64) logging started Fri Jun 26 14:58:32 2015


Gurobi 5.6.3 (linux64) logging started Fri Jun 26 15:05:15 2015


Gurobi 5.6.3 (linux64) logging started Fri Jun 26 17:23:19 2015


Gurobi 5.6.3 (linux64) logging started Fri Jun 26 17:23:46 2015


Gurobi 5.6.3 (linux64) logging started Fri Jun 26 17:24:24 2015


Gurobi 5.6.3 (linux64) logging started Fri Jun 26 17:31:45 2015


Gurobi 5.6.3 (linux64) logging started Fri Jun 26 17:40:19 2015


Gurobi 5.6.3 (linux64) logging started Sun Jul 12 21:54:28 2015


Gurobi 5.6.3 (linux64) logging started Sun Jul 12 22:36:02 2015


Gurobi 5.6.3 (linux64) logging started Mon Jul 13 16:57:39 2015


Gurobi 5.6.3 (linux64) logging started Mon Jul 13 23:26:02 2015


Gurobi 5.6.3 (linux64) logging started Mon Jul 13 23:26:58 2015


Gurobi 5.6.3 (linux64) logging started Tue Jul 14 00:49:53 2015


Gurobi 5.6.3 (linux64) logging started Tue Jul 14 00:52:58 2015


Gurobi 5.6.3 (linux64) logging started Tue Jul 14 00:54:53 2015


Gurobi 5.6.3 (linux64) logging started Tue Jul 14 00:56:41 2015


Gurobi 5.6.3 (linux64) logging started Tue Jul 14 00:58:23 2015


Gurobi 5.6.3 (linux64) logging started Tue Jul 14 01:00:48 2015


Gurobi 5.6.3 (linux64) logging started Tue Jul 14 01:10:54 2015


Gurobi 5.6.3 (linux64) logging started Tue Jul 14 01:15:01 2015


Gurobi 5.6.3 (linux64) logging started Tue Jul 14 01:19:32 2015


Gurobi 5.6.3 (linux64) logging started Tue Jul 14 01:22:42 2015


Gurobi 5.6.3 (linux64) logging started Tue Jul 14 01:24:42 2015


Gurobi 5.6.3 (linux64) logging started Tue Jul 14 01:24:57 2015


Gurobi 5.6.3 (linux64) logging started Tue Jul 14 01:26:40 2015


Gurobi 5.6.3 (linux64) logging started Tue Jul 14 01:29:12 2015


Gurobi 5.6.3 (linux64) logging started Tue Jul 14 01:31:42 2015


Gurobi 5.6.3 (linux64) logging started Tue Jul 14 01:32:05 2015


Gurobi 5.6.3 (linux64) logging started Tue Jul 14 01:33:31 2015


Gurobi 5.6.3 (linux64) logging started Tue Jul 14 01:36:58 2015


Gurobi 5.6.3 (linux64) logging started Tue Jul 14 01:38:27 2015


Gurobi 5.6.3 (linux64) logging started Tue Jul 14 01:40:57 2015


Gurobi 5.6.3 (linux64) logging started Tue Jul 14 01:48:14 2015


Gurobi 5.6.3 (linux64) logging started Tue Jul 14 01:49:34 2015


Gurobi 5.6.3 (linux64) logging started Tue Jul 14 02:15:11 2015

